[0.016s] Invoking command in '/home/vudinhso/RMIT_Bot/lesson3_ws/build/rmitbot_description': CMAKE_PREFIX_PATH=${CMAKE_PREFIX_PATH}:/opt/ros/jazzy DEBUGINFOD_URLS=https://debuginfod.ubuntu.com /usr/bin/cmake --build /home/vudinhso/RMIT_Bot/lesson3_ws/build/rmitbot_description -- -j4 -l4
[0.052s] -- Found ament_cmake: 2.5.3 (/opt/ros/jazzy/share/ament_cmake/cmake)
[0.400s] -- Configuring done (0.4s)
[0.403s] -- Generating done (0.0s)
[0.405s] -- Build files have been written to: /home/vudinhso/RMIT_Bot/lesson3_ws/build/rmitbot_description
[0.433s] Invoked command in '/home/vudinhso/RMIT_Bot/lesson3_ws/build/rmitbot_description' returned '0': CMAKE_PREFIX_PATH=${CMAKE_PREFIX_PATH}:/opt/ros/jazzy DEBUGINFOD_URLS=https://debuginfod.ubuntu.com /usr/bin/cmake --build /home/vudinhso/RMIT_Bot/lesson3_ws/build/rmitbot_description -- -j4 -l4
[0.435s] Invoking command in '/home/vudinhso/RMIT_Bot/lesson3_ws/build/rmitbot_description': CMAKE_PREFIX_PATH=${CMAKE_PREFIX_PATH}:/opt/ros/jazzy DEBUGINFOD_URLS=https://debuginfod.ubuntu.com /usr/bin/cmake --install /home/vudinhso/RMIT_Bot/lesson3_ws/build/rmitbot_description
[0.446s] -- Install configuration: ""
[0.446s] -- Up-to-date: /home/vudinhso/RMIT_Bot/lesson3_ws/install/rmitbot_description/share/rmitbot_description/meshes
[0.446s] -- Up-to-date: /home/vudinhso/RMIT_Bot/lesson3_ws/install/rmitbot_description/share/rmitbot_description/meshes/wheel_left_link.STL
[0.446s] -- Up-to-date: /home/vudinhso/RMIT_Bot/lesson3_ws/install/rmitbot_description/share/rmitbot_description/meshes/base_link.STL
[0.446s] -- Up-to-date: /home/vudinhso/RMIT_Bot/lesson3_ws/install/rmitbot_description/share/rmitbot_description/meshes/caster_front_link.STL
[0.447s] -- Up-to-date: /home/vudinhso/RMIT_Bot/lesson3_ws/install/rmitbot_description/share/rmitbot_description/meshes/caster_rear_link.STL
[0.447s] -- Up-to-date: /home/vudinhso/RMIT_Bot/lesson3_ws/install/rmitbot_description/share/rmitbot_description/meshes/imu_link.STL
[0.447s] -- Up-to-date: /home/vudinhso/RMIT_Bot/lesson3_ws/install/rmitbot_description/share/rmitbot_description/meshes/wheel_right_link.STL
[0.447s] -- Up-to-date: /home/vudinhso/RMIT_Bot/lesson3_ws/install/rmitbot_description/share/rmitbot_description/urdf
[0.447s] -- Up-to-date: /home/vudinhso/RMIT_Bot/lesson3_ws/install/rmitbot_description/share/rmitbot_description/urdf/rmitbot_gazebo.xacro
[0.447s] -- Installing: /home/vudinhso/RMIT_Bot/lesson3_ws/install/rmitbot_description/share/rmitbot_description/urdf/rmitbot_ros2_control.xacro
[0.450s] -- Up-to-date: /home/vudinhso/RMIT_Bot/lesson3_ws/install/rmitbot_description/share/rmitbot_description/urdf/rmitbot_platform.xacro
[0.450s] -- Installing: /home/vudinhso/RMIT_Bot/lesson3_ws/install/rmitbot_description/share/rmitbot_description/urdf/rmitbot.urdf.xacro
[0.450s] -- Up-to-date: /home/vudinhso/RMIT_Bot/lesson3_ws/install/rmitbot_description/share/rmitbot_description/launch
[0.450s] -- Up-to-date: /home/vudinhso/RMIT_Bot/lesson3_ws/install/rmitbot_description/share/rmitbot_description/launch/gazebo.launch.py
[0.450s] -- Up-to-date: /home/vudinhso/RMIT_Bot/lesson3_ws/install/rmitbot_description/share/rmitbot_description/launch/display.launch.py
[0.450s] -- Up-to-date: /home/vudinhso/RMIT_Bot/lesson3_ws/install/rmitbot_description/share/rmitbot_description/rviz
[0.450s] -- Up-to-date: /home/vudinhso/RMIT_Bot/lesson3_ws/install/rmitbot_description/share/rmitbot_description/rviz/display.rviz
[0.450s] -- Installing: /home/vudinhso/RMIT_Bot/lesson3_ws/install/rmitbot_description/share/ament_index/resource_index/package_run_dependencies/rmitbot_description
[0.450s] -- Up-to-date: /home/vudinhso/RMIT_Bot/lesson3_ws/install/rmitbot_description/share/ament_index/resource_index/parent_prefix_path/rmitbot_description
[0.450s] -- Up-to-date: /home/vudinhso/RMIT_Bot/lesson3_ws/install/rmitbot_description/share/rmitbot_description/environment/ament_prefix_path.sh
[0.451s] -- Up-to-date: /home/vudinhso/RMIT_Bot/lesson3_ws/install/rmitbot_description/share/rmitbot_description/environment/ament_prefix_path.dsv
[0.451s] -- Up-to-date: /home/vudinhso/RMIT_Bot/lesson3_ws/install/rmitbot_description/share/rmitbot_description/environment/path.sh
[0.451s] -- Up-to-date: /home/vudinhso/RMIT_Bot/lesson3_ws/install/rmitbot_description/share/rmitbot_description/environment/path.dsv
[0.451s] -- Up-to-date: /home/vudinhso/RMIT_Bot/lesson3_ws/install/rmitbot_description/share/rmitbot_description/local_setup.bash
[0.451s] -- Up-to-date: /home/vudinhso/RMIT_Bot/lesson3_ws/install/rmitbot_description/share/rmitbot_description/local_setup.sh
[0.451s] -- Up-to-date: /home/vudinhso/RMIT_Bot/lesson3_ws/install/rmitbot_description/share/rmitbot_description/local_setup.zsh
[0.451s] -- Up-to-date: /home/vudinhso/RMIT_Bot/lesson3_ws/install/rmitbot_description/share/rmitbot_description/local_setup.dsv
[0.451s] -- Installing: /home/vudinhso/RMIT_Bot/lesson3_ws/install/rmitbot_description/share/rmitbot_description/package.dsv
[0.451s] -- Up-to-date: /home/vudinhso/RMIT_Bot/lesson3_ws/install/rmitbot_description/share/ament_index/resource_index/packages/rmitbot_description
[0.451s] -- Up-to-date: /home/vudinhso/RMIT_Bot/lesson3_ws/install/rmitbot_description/share/rmitbot_description/cmake/rmitbot_descriptionConfig.cmake
[0.451s] -- Up-to-date: /home/vudinhso/RMIT_Bot/lesson3_ws/install/rmitbot_description/share/rmitbot_description/cmake/rmitbot_descriptionConfig-version.cmake
[0.451s] -- Installing: /home/vudinhso/RMIT_Bot/lesson3_ws/install/rmitbot_description/share/rmitbot_description/package.xml
[0.453s] Invoked command in '/home/vudinhso/RMIT_Bot/lesson3_ws/build/rmitbot_description' returned '0': CMAKE_PREFIX_PATH=${CMAKE_PREFIX_PATH}:/opt/ros/jazzy DEBUGINFOD_URLS=https://debuginfod.ubuntu.com /usr/bin/cmake --install /home/vudinhso/RMIT_Bot/lesson3_ws/build/rmitbot_description
