[0.102s] Invoking command in '/home/vudinhso/RMIT_Bot/lesson3_ws/build/rmitbot_description': CMAKE_PREFIX_PATH=${CMAKE_PREFIX_PATH}:/opt/ros/jazzy DEBUGINFOD_URLS=https://debuginfod.ubuntu.com /usr/bin/cmake --build /home/vudinhso/RMIT_Bot/lesson3_ws/build/rmitbot_description -- -j4 -l4
[0.419s] Invoked command in '/home/vudinhso/RMIT_Bot/lesson3_ws/build/rmitbot_description' returned '0': CMAKE_PREFIX_PATH=${CMAKE_PREFIX_PATH}:/opt/ros/jazzy DEBUGINFOD_URLS=https://debuginfod.ubuntu.com /usr/bin/cmake --build /home/vudinhso/RMIT_Bot/lesson3_ws/build/rmitbot_description -- -j4 -l4
[0.525s] Invoking command in '/home/vudinhso/RMIT_Bot/lesson3_ws/build/rmitbot_description': CMAKE_PREFIX_PATH=${CMAKE_PREFIX_PATH}:/opt/ros/jazzy DEBUGINFOD_URLS=https://debuginfod.ubuntu.com /usr/bin/cmake --install /home/vudinhso/RMIT_Bot/lesson3_ws/build/rmitbot_description
[0.658s] -- Install configuration: ""
[0.663s] -- Up-to-date: /home/vudinhso/RMIT_Bot/lesson3_ws/install/rmitbot_description/share/rmitbot_description/meshes
[0.665s] -- Up-to-date: /home/vudinhso/RMIT_Bot/lesson3_ws/install/rmitbot_description/share/rmitbot_description/meshes/wheel_left_link.STL
[0.666s] -- Up-to-date: /home/vudinhso/RMIT_Bot/lesson3_ws/install/rmitbot_description/share/rmitbot_description/meshes/base_link.STL
[0.666s] -- Up-to-date: /home/vudinhso/RMIT_Bot/lesson3_ws/install/rmitbot_description/share/rmitbot_description/meshes/caster_front_link.STL
[0.666s] -- Up-to-date: /home/vudinhso/RMIT_Bot/lesson3_ws/install/rmitbot_description/share/rmitbot_description/meshes/caster_rear_link.STL
[0.666s] -- Up-to-date: /home/vudinhso/RMIT_Bot/lesson3_ws/install/rmitbot_description/share/rmitbot_description/meshes/imu_link.STL
[0.666s] -- Up-to-date: /home/vudinhso/RMIT_Bot/lesson3_ws/install/rmitbot_description/share/rmitbot_description/meshes/wheel_right_link.STL
[0.666s] -- Up-to-date: /home/vudinhso/RMIT_Bot/lesson3_ws/install/rmitbot_description/share/rmitbot_description/urdf
[0.672s] -- Up-to-date: /home/vudinhso/RMIT_Bot/lesson3_ws/install/rmitbot_description/share/rmitbot_description/urdf/rmitbot_gazebo.xacro
[0.674s] -- Up-to-date: /home/vudinhso/RMIT_Bot/lesson3_ws/install/rmitbot_description/share/rmitbot_description/urdf/rmitbot_ros2_control.xacro
[0.674s] -- Up-to-date: /home/vudinhso/RMIT_Bot/lesson3_ws/install/rmitbot_description/share/rmitbot_description/urdf/rmitbot.urdf.xacro
[0.677s] -- Up-to-date: /home/vudinhso/RMIT_Bot/lesson3_ws/install/rmitbot_description/share/rmitbot_description/launch
[0.677s] -- Up-to-date: /home/vudinhso/RMIT_Bot/lesson3_ws/install/rmitbot_description/share/rmitbot_description/launch/gazebo.launch.py
[0.678s] -- Up-to-date: /home/vudinhso/RMIT_Bot/lesson3_ws/install/rmitbot_description/share/rmitbot_description/launch/display.launch.py
[0.684s] -- Up-to-date: /home/vudinhso/RMIT_Bot/lesson3_ws/install/rmitbot_description/share/rmitbot_description/rviz
[0.693s] -- Up-to-date: /home/vudinhso/RMIT_Bot/lesson3_ws/install/rmitbot_description/share/rmitbot_description/rviz/display.rviz
[0.707s] -- Up-to-date: /home/vudinhso/RMIT_Bot/lesson3_ws/install/rmitbot_description/share/ament_index/resource_index/package_run_dependencies/rmitbot_description
[0.718s] -- Up-to-date: /home/vudinhso/RMIT_Bot/lesson3_ws/install/rmitbot_description/share/ament_index/resource_index/parent_prefix_path/rmitbot_description
[0.718s] -- Up-to-date: /home/vudinhso/RMIT_Bot/lesson3_ws/install/rmitbot_description/share/rmitbot_description/environment/ament_prefix_path.sh
[0.718s] -- Up-to-date: /home/vudinhso/RMIT_Bot/lesson3_ws/install/rmitbot_description/share/rmitbot_description/environment/ament_prefix_path.dsv
[0.718s] -- Up-to-date: /home/vudinhso/RMIT_Bot/lesson3_ws/install/rmitbot_description/share/rmitbot_description/environment/path.sh
[0.718s] -- Up-to-date: /home/vudinhso/RMIT_Bot/lesson3_ws/install/rmitbot_description/share/rmitbot_description/environment/path.dsv
[0.718s] -- Up-to-date: /home/vudinhso/RMIT_Bot/lesson3_ws/install/rmitbot_description/share/rmitbot_description/local_setup.bash
[0.740s] -- Up-to-date: /home/vudinhso/RMIT_Bot/lesson3_ws/install/rmitbot_description/share/rmitbot_description/local_setup.sh
[0.741s] -- Up-to-date: /home/vudinhso/RMIT_Bot/lesson3_ws/install/rmitbot_description/share/rmitbot_description/local_setup.zsh
[0.741s] -- Up-to-date: /home/vudinhso/RMIT_Bot/lesson3_ws/install/rmitbot_description/share/rmitbot_description/local_setup.dsv
[0.746s] -- Installing: /home/vudinhso/RMIT_Bot/lesson3_ws/install/rmitbot_description/share/rmitbot_description/package.dsv
[0.746s] -- Up-to-date: /home/vudinhso/RMIT_Bot/lesson3_ws/install/rmitbot_description/share/ament_index/resource_index/packages/rmitbot_description
[0.747s] -- Up-to-date: /home/vudinhso/RMIT_Bot/lesson3_ws/install/rmitbot_description/share/rmitbot_description/cmake/rmitbot_descriptionConfig.cmake
[0.760s] -- Up-to-date: /home/vudinhso/RMIT_Bot/lesson3_ws/install/rmitbot_description/share/rmitbot_description/cmake/rmitbot_descriptionConfig-version.cmake
[0.770s] -- Up-to-date: /home/vudinhso/RMIT_Bot/lesson3_ws/install/rmitbot_description/share/rmitbot_description/package.xml
[0.771s] Invoked command in '/home/vudinhso/RMIT_Bot/lesson3_ws/build/rmitbot_description' returned '0': CMAKE_PREFIX_PATH=${CMAKE_PREFIX_PATH}:/opt/ros/jazzy DEBUGINFOD_URLS=https://debuginfod.ubuntu.com /usr/bin/cmake --install /home/vudinhso/RMIT_Bot/lesson3_ws/build/rmitbot_description
