[0.016s] Invoking command in '/home/vudinhso/RMIT_Bot/lesson3_ws/build/rmitbot_description': CMAKE_PREFIX_PATH=${CMAKE_PREFIX_PATH}:/opt/ros/jazzy DEBUGINFOD_URLS=https://debuginfod.ubuntu.com /usr/bin/cmake /home/vudinhso/RMIT_Bot/lesson3_ws/src/rmitbot_description -DCMAKE_INSTALL_PREFIX=/home/vudinhso/RMIT_Bot/lesson3_ws/install/rmitbot_description
[0.196s] -- The C compiler identification is GNU 13.3.0
[0.427s] -- The CXX compiler identification is GNU 13.3.0
[0.467s] -- Detecting C compiler ABI info
[0.619s] -- Detecting C compiler ABI info - done
[0.647s] -- Check for working C compiler: /usr/bin/cc - skipped
[0.647s] -- Detecting C compile features
[0.648s] -- Detecting C compile features - done
[0.680s] -- Detecting CXX compiler ABI info
[0.811s] -- Detecting CXX compiler ABI info - done
[0.826s] -- Check for working CXX compiler: /usr/bin/c++ - skipped
[0.826s] -- Detecting CXX compile features
[0.827s] -- Detecting CXX compile features - done
[0.854s] -- Found ament_cmake: 2.5.3 (/opt/ros/jazzy/share/ament_cmake/cmake)
[1.202s] -- Found Python3: /usr/bin/python3 (found version "3.12.3") found components: Interpreter 
[1.390s] -- Found urdf: 2.10.0 (/opt/ros/jazzy/share/urdf/cmake)
[1.476s] -- Found TinyXML2 via Config file: /usr/lib/x86_64-linux-gnu/cmake/tinyxml2
[1.644s] -- Configuring done (1.6s)
[1.649s] -- Generating done (0.0s)
[1.655s] -- Build files have been written to: /home/vudinhso/RMIT_Bot/lesson3_ws/build/rmitbot_description
[1.688s] Invoked command in '/home/vudinhso/RMIT_Bot/lesson3_ws/build/rmitbot_description' returned '0': CMAKE_PREFIX_PATH=${CMAKE_PREFIX_PATH}:/opt/ros/jazzy DEBUGINFOD_URLS=https://debuginfod.ubuntu.com /usr/bin/cmake /home/vudinhso/RMIT_Bot/lesson3_ws/src/rmitbot_description -DCMAKE_INSTALL_PREFIX=/home/vudinhso/RMIT_Bot/lesson3_ws/install/rmitbot_description
[1.688s] Invoking command in '/home/vudinhso/RMIT_Bot/lesson3_ws/build/rmitbot_description': CMAKE_PREFIX_PATH=${CMAKE_PREFIX_PATH}:/opt/ros/jazzy DEBUGINFOD_URLS=https://debuginfod.ubuntu.com /usr/bin/cmake --build /home/vudinhso/RMIT_Bot/lesson3_ws/build/rmitbot_description -- -j4 -l4
[1.753s] Invoked command in '/home/vudinhso/RMIT_Bot/lesson3_ws/build/rmitbot_description' returned '0': CMAKE_PREFIX_PATH=${CMAKE_PREFIX_PATH}:/opt/ros/jazzy DEBUGINFOD_URLS=https://debuginfod.ubuntu.com /usr/bin/cmake --build /home/vudinhso/RMIT_Bot/lesson3_ws/build/rmitbot_description -- -j4 -l4
[1.753s] Invoking command in '/home/vudinhso/RMIT_Bot/lesson3_ws/build/rmitbot_description': CMAKE_PREFIX_PATH=${CMAKE_PREFIX_PATH}:/opt/ros/jazzy DEBUGINFOD_URLS=https://debuginfod.ubuntu.com /usr/bin/cmake --install /home/vudinhso/RMIT_Bot/lesson3_ws/build/rmitbot_description
[1.761s] -- Install configuration: ""
[1.761s] -- Installing: /home/vudinhso/RMIT_Bot/lesson3_ws/install/rmitbot_description/share/rmitbot_description/meshes
[1.761s] -- Installing: /home/vudinhso/RMIT_Bot/lesson3_ws/install/rmitbot_description/share/rmitbot_description/meshes/wheel_left_link.STL
[1.766s] -- Installing: /home/vudinhso/RMIT_Bot/lesson3_ws/install/rmitbot_description/share/rmitbot_description/meshes/base_link.STL
[1.816s] -- Installing: /home/vudinhso/RMIT_Bot/lesson3_ws/install/rmitbot_description/share/rmitbot_description/meshes/caster_front_link.STL
[1.818s] -- Installing: /home/vudinhso/RMIT_Bot/lesson3_ws/install/rmitbot_description/share/rmitbot_description/meshes/caster_rear_link.STL
[1.820s] -- Installing: /home/vudinhso/RMIT_Bot/lesson3_ws/install/rmitbot_description/share/rmitbot_description/meshes/imu_link.STL
[1.824s] -- Installing: /home/vudinhso/RMIT_Bot/lesson3_ws/install/rmitbot_description/share/rmitbot_description/meshes/wheel_right_link.STL
[1.824s] -- Installing: /home/vudinhso/RMIT_Bot/lesson3_ws/install/rmitbot_description/share/rmitbot_description/urdf
[1.824s] -- Installing: /home/vudinhso/RMIT_Bot/lesson3_ws/install/rmitbot_description/share/rmitbot_description/urdf/rmitbot_gazebo.xacro
[1.824s] -- Installing: /home/vudinhso/RMIT_Bot/lesson3_ws/install/rmitbot_description/share/rmitbot_description/urdf/rmitbot_ros2_control.xacro
[1.824s] -- Installing: /home/vudinhso/RMIT_Bot/lesson3_ws/install/rmitbot_description/share/rmitbot_description/urdf/rmitbot_platform.xacro
[1.824s] -- Installing: /home/vudinhso/RMIT_Bot/lesson3_ws/install/rmitbot_description/share/rmitbot_description/urdf/rmitbot.urdf.xacro
[1.825s] -- Installing: /home/vudinhso/RMIT_Bot/lesson3_ws/install/rmitbot_description/share/rmitbot_description/launch
[1.825s] -- Installing: /home/vudinhso/RMIT_Bot/lesson3_ws/install/rmitbot_description/share/rmitbot_description/launch/gazebo.launch.py
[1.827s] -- Installing: /home/vudinhso/RMIT_Bot/lesson3_ws/install/rmitbot_description/share/rmitbot_description/launch/display.launch.py
[1.827s] -- Installing: /home/vudinhso/RMIT_Bot/lesson3_ws/install/rmitbot_description/share/rmitbot_description/rviz
[1.827s] -- Installing: /home/vudinhso/RMIT_Bot/lesson3_ws/install/rmitbot_description/share/rmitbot_description/rviz/display.rviz
[1.827s] -- Installing: /home/vudinhso/RMIT_Bot/lesson3_ws/install/rmitbot_description/share/ament_index/resource_index/package_run_dependencies/rmitbot_description
[1.827s] -- Installing: /home/vudinhso/RMIT_Bot/lesson3_ws/install/rmitbot_description/share/ament_index/resource_index/parent_prefix_path/rmitbot_description
[1.828s] -- Installing: /home/vudinhso/RMIT_Bot/lesson3_ws/install/rmitbot_description/share/rmitbot_description/environment/ament_prefix_path.sh
[1.828s] -- Installing: /home/vudinhso/RMIT_Bot/lesson3_ws/install/rmitbot_description/share/rmitbot_description/environment/ament_prefix_path.dsv
[1.828s] -- Installing: /home/vudinhso/RMIT_Bot/lesson3_ws/install/rmitbot_description/share/rmitbot_description/environment/path.sh
[1.828s] -- Installing: /home/vudinhso/RMIT_Bot/lesson3_ws/install/rmitbot_description/share/rmitbot_description/environment/path.dsv
[1.828s] -- Installing: /home/vudinhso/RMIT_Bot/lesson3_ws/install/rmitbot_description/share/rmitbot_description/local_setup.bash
[1.828s] -- Installing: /home/vudinhso/RMIT_Bot/lesson3_ws/install/rmitbot_description/share/rmitbot_description/local_setup.sh
[1.828s] -- Installing: /home/vudinhso/RMIT_Bot/lesson3_ws/install/rmitbot_description/share/rmitbot_description/local_setup.zsh
[1.828s] -- Installing: /home/vudinhso/RMIT_Bot/lesson3_ws/install/rmitbot_description/share/rmitbot_description/local_setup.dsv
[1.828s] -- Installing: /home/vudinhso/RMIT_Bot/lesson3_ws/install/rmitbot_description/share/rmitbot_description/package.dsv
[1.828s] -- Installing: /home/vudinhso/RMIT_Bot/lesson3_ws/install/rmitbot_description/share/ament_index/resource_index/packages/rmitbot_description
[1.828s] -- Installing: /home/vudinhso/RMIT_Bot/lesson3_ws/install/rmitbot_description/share/rmitbot_description/cmake/rmitbot_descriptionConfig.cmake
[1.828s] -- Installing: /home/vudinhso/RMIT_Bot/lesson3_ws/install/rmitbot_description/share/rmitbot_description/cmake/rmitbot_descriptionConfig-version.cmake
[1.828s] -- Installing: /home/vudinhso/RMIT_Bot/lesson3_ws/install/rmitbot_description/share/rmitbot_description/package.xml
[1.833s] Invoked command in '/home/vudinhso/RMIT_Bot/lesson3_ws/build/rmitbot_description' returned '0': CMAKE_PREFIX_PATH=${CMAKE_PREFIX_PATH}:/opt/ros/jazzy DEBUGINFOD_URLS=https://debuginfod.ubuntu.com /usr/bin/cmake --install /home/vudinhso/RMIT_Bot/lesson3_ws/build/rmitbot_description
